Drill report for /Users/tam/Documents/PCBs/Receiving loop/RX Loop/RX Loop 100x35.kicad_pcb
Created on Monday, March 15, 2021 at 06:13:20 PM

Copper Layer Stackup:
    =============================================================
    L1 :  F.Cu                      front
    L2 :  B.Cu                      back


Drill file 'RX Loop 100x35-PTH.drl' contains
    plated through holes:
    =============================================================
    T1  0.60mm  0.024"  (16 holes)
    T2  0.76mm  0.030"  (4 holes)
    T3  0.80mm  0.031"  (46 holes)
    T4  0.86mm  0.034"  (4 holes)
    T5  0.89mm  0.035"  (8 holes)
    T6  1.00mm  0.039"  (12 holes)
    T7  1.20mm  0.047"  (7 holes)
    T8  2.40mm  0.094"  (5 holes)
    T9  4.30mm  0.169"  (2 holes)

    Total plated holes count 104


Drill file 'RX Loop 100x35-NPTH.drl' contains
    unplated through holes:
    =============================================================

    Total unplated holes count 0
